2024-08-15 02:03:35,391 - INFO - Data saved to the database
2024-08-15 02:03:35,393 - INFO - Run duration: 2914.385457277298 seconds
2024-08-15 02:03:35,676 - INFO - Query ID: a36e2ae9e72fe63891d0323706afb78e_1723687414032_icvuXf
2024-08-15 02:03:35,721 - INFO - Query Status: 1
2024-08-15 02:03:36,760 - INFO - Query Status: 1
2024-08-15 02:03:37,802 - INFO - Query Status: 1
2024-08-15 02:03:38,845 - INFO - Query Status: 1
2024-08-15 02:03:39,889 - INFO - Query Status: 1
2024-08-15 02:03:40,936 - INFO - Query Status: 1
2024-08-15 02:03:41,990 - INFO - Query Status: 1
2024-08-15 02:03:43,033 - INFO - Query Status: 1
2024-08-15 02:03:44,078 - INFO - Query Status: 1
2024-08-15 02:03:45,130 - INFO - Query Status: 1
2024-08-15 02:03:46,188 - INFO - Query Status: 1
2024-08-15 02:03:47,233 - INFO - Query Status: 1
2024-08-15 02:03:48,277 - INFO - Query Status: 1
2024-08-15 02:03:49,346 - INFO - Query Status: 1
2024-08-15 02:03:50,442 - INFO - Query Status: 1
2024-08-15 02:03:51,488 - INFO - Query Status: 1
2024-08-15 02:03:52,529 - INFO - Query Status: 1
2024-08-15 02:03:53,591 - INFO - Query Status: 1
2024-08-15 02:03:54,640 - INFO - Query Status: 1
2024-08-15 02:03:55,682 - INFO - Query Status: 1
2024-08-15 02:03:56,725 - INFO - Query Status: 1
2024-08-15 02:03:57,765 - INFO - Query Status: 1
2024-08-15 02:03:58,812 - INFO - Query Status: 1
2024-08-15 02:03:59,860 - INFO - Query Status: 1
2024-08-15 02:04:00,927 - INFO - Query Status: 1
2024-08-15 02:04:01,969 - INFO - Query Status: 1
2024-08-15 02:04:03,012 - INFO - Query Status: 1
2024-08-15 02:04:04,056 - INFO - Query Status: 1
2024-08-15 02:04:05,100 - INFO - Query Status: 1
2024-08-15 02:04:06,146 - INFO - Query Status: 1
2024-08-15 02:04:07,188 - INFO - Query Status: 1
2024-08-15 02:04:08,233 - INFO - Query Status: 1
2024-08-15 02:04:09,276 - INFO - Query Status: 1
2024-08-15 02:04:10,319 - INFO - Query Status: 1
2024-08-15 02:04:11,360 - INFO - Query Status: 1
2024-08-15 02:04:12,404 - INFO - Query Status: 1
2024-08-15 02:04:13,456 - INFO - Query Status: 1
2024-08-15 02:04:14,522 - INFO - Query Status: 1
2024-08-15 02:04:15,579 - INFO - Query Status: 1
2024-08-15 02:04:16,622 - INFO - Query Status: 1
2024-08-15 02:04:17,670 - INFO - Query Status: 1
2024-08-15 02:04:18,715 - INFO - Query Status: 1
2024-08-15 02:04:19,760 - INFO - Query Status: 1
2024-08-15 02:04:20,803 - INFO - Query Status: 1
2024-08-15 02:04:21,848 - INFO - Query Status: 1
2024-08-15 02:04:22,887 - INFO - Query Status: 1
2024-08-15 02:04:23,930 - INFO - Query Status: 1
2024-08-15 02:04:24,970 - INFO - Query Status: 1
2024-08-15 02:04:26,027 - INFO - Query Status: 1
2024-08-15 02:04:27,100 - INFO - Query Status: 1
2024-08-15 02:04:28,138 - INFO - Query Status: 1
2024-08-15 02:04:29,186 - INFO - Query Status: 1
2024-08-15 02:04:30,234 - INFO - Query Status: 1
2024-08-15 02:04:31,276 - INFO - Query Status: 1
2024-08-15 02:04:32,333 - INFO - Query Status: 1
2024-08-15 02:04:33,380 - INFO - Query Status: 1
2024-08-15 02:04:34,440 - INFO - Query Status: 1
2024-08-15 02:04:35,490 - INFO - Query Status: 1
2024-08-15 02:04:36,534 - INFO - Query Status: 1
2024-08-15 02:04:37,582 - INFO - Query Status: 1
2024-08-15 02:04:38,667 - INFO - Query Status: 1
2024-08-15 02:04:39,711 - INFO - Query Status: 1
2024-08-15 02:04:40,752 - INFO - Query Status: 1
2024-08-15 02:04:41,793 - INFO - Query Status: 1
2024-08-15 02:04:42,833 - INFO - Query Status: 1
2024-08-15 02:04:43,877 - INFO - Query Status: 1
2024-08-15 02:04:44,928 - INFO - Query Status: 1
2024-08-15 02:04:45,968 - INFO - Query Status: 1
2024-08-15 02:04:47,012 - INFO - Query Status: 1
2024-08-15 02:04:48,056 - INFO - Query Status: 1
2024-08-15 02:04:49,103 - INFO - Query Status: 1
2024-08-15 02:04:50,150 - INFO - Query Status: 1
2024-08-15 02:04:51,191 - INFO - Query Status: 1
2024-08-15 02:04:52,234 - INFO - Query Status: 1
2024-08-15 02:04:53,283 - INFO - Query Status: 1
2024-08-15 02:04:54,341 - INFO - Query Status: 1
2024-08-15 02:04:55,397 - INFO - Query Status: 1
2024-08-15 02:04:56,464 - INFO - Query Status: 1
2024-08-15 02:04:57,519 - INFO - Query Status: 1
2024-08-15 02:04:58,568 - INFO - Query Status: 1
2024-08-15 02:04:59,617 - INFO - Query Status: 1
2024-08-15 02:05:00,661 - INFO - Query Status: 1
2024-08-15 02:05:01,712 - INFO - Query Status: 1
2024-08-15 02:05:02,763 - INFO - Query Status: 1
2024-08-15 02:05:03,804 - INFO - Query Status: 1
2024-08-15 02:05:04,848 - INFO - Query Status: 1
2024-08-15 02:05:05,893 - INFO - Query Status: 1
2024-08-15 02:05:06,939 - INFO - Query Status: 1
2024-08-15 02:05:07,980 - INFO - Query Status: 1
2024-08-15 02:05:09,030 - INFO - Query Status: 1
2024-08-15 02:05:10,080 - INFO - Query Status: 1
2024-08-15 02:05:11,132 - INFO - Query Status: 1
2024-08-15 02:05:12,203 - INFO - Query Status: 1
2024-08-15 02:05:13,247 - INFO - Query Status: 1
2024-08-15 02:05:14,291 - INFO - Query Status: 1
2024-08-15 02:05:15,333 - INFO - Query Status: 1
2024-08-15 02:05:16,384 - INFO - Query Status: 1
2024-08-15 02:05:17,424 - INFO - Query Status: 1
2024-08-15 02:05:18,466 - INFO - Query Status: 1
2024-08-15 02:05:19,598 - INFO - Query Status: 1
2024-08-15 02:05:20,642 - INFO - Query Status: 1
2024-08-15 02:05:21,687 - INFO - Query Status: 1
2024-08-15 02:05:22,737 - INFO - Query Status: 1
2024-08-15 02:05:23,792 - INFO - Query Status: 1
2024-08-15 02:05:24,839 - INFO - Query Status: 1
2024-08-15 02:05:25,884 - INFO - Query Status: 1
2024-08-15 02:05:26,932 - INFO - Query Status: 1
2024-08-15 02:05:27,996 - INFO - Query Status: 1
2024-08-15 02:05:29,052 - INFO - Query Status: 1
2024-08-15 02:05:30,097 - INFO - Query Status: 1
2024-08-15 02:05:31,147 - INFO - Query Status: 1
2024-08-15 02:05:32,196 - INFO - Query Status: 1
2024-08-15 02:05:33,242 - INFO - Query Status: 1
2024-08-15 02:05:34,288 - INFO - Query Status: 1
2024-08-15 02:05:35,361 - INFO - Query Status: 1
2024-08-15 02:05:36,405 - INFO - Query Status: 1
2024-08-15 02:05:37,450 - INFO - Query Status: 1
2024-08-15 02:05:38,495 - INFO - Query Status: 1
2024-08-15 02:05:39,542 - INFO - Query Status: 1
2024-08-15 02:05:40,590 - INFO - Query Status: 1
2024-08-15 02:05:41,643 - INFO - Query Status: 1
2024-08-15 02:05:42,686 - INFO - Query Status: 1
2024-08-15 02:05:43,732 - INFO - Query Status: 1
2024-08-15 02:05:44,777 - INFO - Query Status: 1
2024-08-15 02:05:45,820 - INFO - Query Status: 1
2024-08-15 02:05:46,864 - INFO - Query Status: 1
2024-08-15 02:05:47,906 - INFO - Query Status: 1
2024-08-15 02:05:48,968 - INFO - Query Status: 1
2024-08-15 02:05:50,014 - INFO - Query Status: 1
2024-08-15 02:05:51,126 - INFO - Query Status: 1
2024-08-15 02:05:52,168 - INFO - Query Status: 1
2024-08-15 02:05:53,211 - INFO - Query Status: 1
2024-08-15 02:05:54,262 - INFO - Query Status: 1
2024-08-15 02:05:55,307 - INFO - Query Status: 1
2024-08-15 02:05:56,354 - INFO - Query Status: 1
2024-08-15 02:05:57,417 - INFO - Query Status: 1
2024-08-15 02:05:58,472 - INFO - Query Status: 1
2024-08-15 02:05:59,519 - INFO - Query Status: 1
2024-08-15 02:06:00,564 - INFO - Query Status: 1
2024-08-15 02:06:01,607 - INFO - Query Status: 1
2024-08-15 02:06:02,658 - INFO - Query Status: 1
2024-08-15 02:06:03,700 - INFO - Query Status: 1
2024-08-15 02:06:04,752 - INFO - Query Status: 1
2024-08-15 02:06:05,798 - INFO - Query Status: 1
2024-08-15 02:06:06,865 - INFO - Query Status: 1
2024-08-15 02:06:07,905 - INFO - Query Status: 1
2024-08-15 02:06:08,958 - INFO - Query Status: 1
2024-08-15 02:06:10,000 - INFO - Query Status: 1
2024-08-15 02:06:11,069 - INFO - Query Status: 1
2024-08-15 02:06:12,117 - INFO - Query Status: 1
2024-08-15 02:06:13,161 - INFO - Query Status: 1
2024-08-15 02:06:14,205 - INFO - Query Status: 1
2024-08-15 02:06:15,249 - INFO - Query Status: 1
2024-08-15 02:06:16,290 - INFO - Query Status: 1
2024-08-15 02:06:17,332 - INFO - Query Status: 1
2024-08-15 02:06:18,379 - INFO - Query Status: 1
2024-08-15 02:06:19,426 - INFO - Query Status: 1
2024-08-15 02:06:20,473 - INFO - Query Status: 1
2024-08-15 02:06:21,517 - INFO - Query Status: 1
2024-08-15 02:06:22,576 - INFO - Query Status: 1
2024-08-15 02:06:23,690 - INFO - Query Status: 1
2024-08-15 02:06:24,758 - INFO - Query Status: 1
2024-08-15 02:06:25,817 - INFO - Query Status: 1
2024-08-15 02:06:26,864 - INFO - Query Status: 1
2024-08-15 02:06:27,919 - INFO - Query Status: 1
2024-08-15 02:06:28,981 - INFO - Query Status: 1
2024-08-15 02:06:30,026 - INFO - Query Status: 1
2024-08-15 02:06:31,069 - INFO - Query Status: 1
2024-08-15 02:06:32,141 - INFO - Query Status: 1
2024-08-15 02:06:33,184 - INFO - Query Status: 1
2024-08-15 02:06:34,226 - INFO - Query Status: 1
2024-08-15 02:06:35,274 - INFO - Query Status: 1
2024-08-15 02:06:36,323 - INFO - Query Status: 1
2024-08-15 02:06:37,366 - INFO - Query Status: 1
2024-08-15 02:06:38,426 - INFO - Query Status: 1
2024-08-15 02:06:39,467 - INFO - Query Status: 1
2024-08-15 02:06:40,537 - INFO - Query Status: 1
2024-08-15 02:06:41,625 - INFO - Query Status: 1
2024-08-15 02:06:42,671 - INFO - Query Status: 1
2024-08-15 02:06:43,714 - INFO - Query Status: 1
2024-08-15 02:06:44,763 - INFO - Query Status: 1
2024-08-15 02:06:45,804 - INFO - Query Status: 1
2024-08-15 02:06:46,849 - INFO - Query Status: 1
2024-08-15 02:06:47,894 - INFO - Query Status: 1
2024-08-15 02:06:48,966 - INFO - Query Status: 1
2024-08-15 02:06:50,010 - INFO - Query Status: 1
2024-08-15 02:06:51,051 - INFO - Query Status: 1
2024-08-15 02:06:52,093 - INFO - Query Status: 1
2024-08-15 02:06:53,141 - INFO - Query Status: 1
2024-08-15 02:06:54,186 - INFO - Query Status: 1
2024-08-15 02:06:55,226 - INFO - Query Status: 1
2024-08-15 02:06:56,273 - INFO - Query Status: 1
2024-08-15 02:06:57,322 - INFO - Query Status: 1
2024-08-15 02:06:58,364 - INFO - Query Status: 1
2024-08-15 02:06:59,423 - INFO - Query Status: 1
2024-08-15 02:07:00,462 - INFO - Query Status: 1
2024-08-15 02:07:01,505 - INFO - Query Status: 1
2024-08-15 02:07:02,577 - INFO - Query Status: 1
2024-08-15 02:07:03,638 - INFO - Query Status: 1
2024-08-15 02:07:04,781 - INFO - Query Status: 1
2024-08-15 02:07:05,827 - INFO - Query Status: 1
2024-08-15 02:07:06,890 - INFO - Query Status: 1
2024-08-15 02:07:07,939 - INFO - Query Status: 1
2024-08-15 02:07:08,983 - INFO - Query Status: 1
2024-08-15 02:07:10,024 - INFO - Query Status: 1
2024-08-15 02:07:11,082 - INFO - Query Status: 1
2024-08-15 02:07:12,127 - INFO - Query Status: 1
2024-08-15 02:07:13,169 - INFO - Query Status: 1
2024-08-15 02:07:14,226 - INFO - Query Status: 1
2024-08-15 02:07:15,277 - INFO - Query Status: 1
2024-08-15 02:07:16,332 - INFO - Query Status: 1
2024-08-15 02:07:17,413 - INFO - Query Status: 1
2024-08-15 02:07:18,456 - INFO - Query Status: 1
2024-08-15 02:07:19,514 - INFO - Query Status: 1
2024-08-15 02:07:20,556 - INFO - Query Status: 1
2024-08-15 02:07:21,621 - INFO - Query Status: 1
2024-08-15 02:07:22,675 - INFO - Query Status: 1
2024-08-15 02:07:23,722 - INFO - Query Status: 1
2024-08-15 02:07:24,769 - INFO - Query Status: 1
2024-08-15 02:07:25,813 - INFO - Query Status: 1
2024-08-15 02:07:26,860 - INFO - Query Status: 1
2024-08-15 02:07:27,904 - INFO - Query Status: 1
2024-08-15 02:07:28,949 - INFO - Query Status: 1
2024-08-15 02:07:29,993 - INFO - Query Status: 1
2024-08-15 02:07:31,041 - INFO - Query Status: 1
2024-08-15 02:07:32,084 - INFO - Query Status: 1
2024-08-15 02:07:33,137 - INFO - Query Status: 1
2024-08-15 02:07:34,180 - INFO - Query Status: 1
2024-08-15 02:07:35,224 - INFO - Query Status: 1
2024-08-15 02:07:36,305 - INFO - Query Status: 1
2024-08-15 02:07:37,353 - INFO - Query Status: 1
2024-08-15 02:07:38,399 - INFO - Query Status: 1
2024-08-15 02:07:39,463 - INFO - Query Status: 1
2024-08-15 02:07:40,509 - INFO - Query Status: 1
2024-08-15 02:07:41,552 - INFO - Query Status: 1
2024-08-15 02:07:42,601 - INFO - Query Status: 1
2024-08-15 02:07:43,656 - INFO - Query Status: 1
2024-08-15 02:07:44,708 - INFO - Query Status: 1
2024-08-15 02:07:45,794 - INFO - Query Status: 1
2024-08-15 02:07:46,835 - INFO - Query Status: 1
2024-08-15 02:07:47,884 - INFO - Query Status: 1
2024-08-15 02:07:48,927 - INFO - Query Status: 1
2024-08-15 02:07:49,969 - INFO - Query Status: 1
2024-08-15 02:07:51,011 - INFO - Query Status: 1
2024-08-15 02:07:52,098 - INFO - Query Status: 1
2024-08-15 02:07:53,139 - INFO - Query Status: 1
2024-08-15 02:07:54,184 - INFO - Query Status: 1
2024-08-15 02:07:55,240 - INFO - Query Status: 1
2024-08-15 02:07:56,319 - INFO - Query Status: 1
2024-08-15 02:07:57,365 - INFO - Query Status: 1
2024-08-15 02:07:58,411 - INFO - Query Status: 1
2024-08-15 02:07:59,452 - INFO - Query Status: 1
2024-08-15 02:08:00,492 - INFO - Query Status: 1
2024-08-15 02:08:01,540 - INFO - Query Status: 1
2024-08-15 02:08:02,585 - INFO - Query Status: 1
2024-08-15 02:08:03,628 - INFO - Query Status: 1
2024-08-15 02:08:04,691 - INFO - Query Status: 1
2024-08-15 02:08:05,737 - INFO - Query Status: 1
2024-08-15 02:08:06,818 - INFO - Query Status: 1
2024-08-15 02:08:07,863 - INFO - Query Status: 1
2024-08-15 02:08:08,913 - INFO - Query Status: 1
2024-08-15 02:08:09,953 - INFO - Query Status: 1
2024-08-15 02:08:11,000 - INFO - Query Status: 1
2024-08-15 02:08:12,050 - INFO - Query Status: 1
2024-08-15 02:08:13,109 - INFO - Query Status: 1
2024-08-15 02:08:14,155 - INFO - Query Status: 1
2024-08-15 02:08:15,213 - INFO - Query Status: 1
2024-08-15 02:08:16,267 - INFO - Query Status: 1
2024-08-15 02:08:17,318 - INFO - Query Status: 1
2024-08-15 02:08:18,362 - INFO - Query Status: 1
2024-08-15 02:08:19,408 - INFO - Query Status: 1
2024-08-15 02:08:20,455 - INFO - Query Status: 1
2024-08-15 02:08:21,502 - INFO - Query Status: 1
2024-08-15 02:08:22,552 - INFO - Query Status: 1
2024-08-15 02:08:23,610 - INFO - Query Status: 1
2024-08-15 02:08:24,660 - INFO - Query Status: 1
2024-08-15 02:08:25,702 - INFO - Query Status: 1
2024-08-15 02:08:26,755 - INFO - Query Status: 1
2024-08-15 02:08:27,797 - INFO - Query Status: 1
2024-08-15 02:08:28,842 - INFO - Query Status: 1
2024-08-15 02:08:29,886 - INFO - Query Status: 1
2024-08-15 02:08:30,929 - INFO - Query Status: 1
2024-08-15 02:08:31,976 - INFO - Query Status: 1
2024-08-15 02:08:33,022 - INFO - Query Status: 1
2024-08-15 02:08:34,064 - INFO - Query Status: 1
2024-08-15 02:08:35,152 - INFO - Query Status: 1
2024-08-15 02:08:36,200 - INFO - Query Status: 1
2024-08-15 02:08:37,254 - INFO - Query Status: 1
2024-08-15 02:08:38,305 - INFO - Query Status: 1
2024-08-15 02:08:39,367 - INFO - Query Status: 1
2024-08-15 02:08:40,419 - INFO - Query Status: 1
2024-08-15 02:08:41,466 - INFO - Query Status: 1
2024-08-15 02:08:42,518 - INFO - Query Status: 1
2024-08-15 02:08:43,576 - INFO - Query Status: 1
2024-08-15 02:08:44,623 - INFO - Query Status: 1
2024-08-15 02:08:45,669 - INFO - Query Status: 1
2024-08-15 02:08:46,717 - INFO - Query Status: 1
2024-08-15 02:08:47,771 - INFO - Query Status: 1
2024-08-15 02:08:48,826 - INFO - Query Status: 1
2024-08-15 02:08:49,968 - INFO - Query Status: 1
2024-08-15 02:08:51,017 - INFO - Query Status: 1
2024-08-15 02:08:52,064 - INFO - Query Status: 1
2024-08-15 02:08:53,107 - INFO - Query Status: 1
2024-08-15 02:08:54,155 - INFO - Query Status: 1
2024-08-15 02:08:55,199 - INFO - Query Status: 1
2024-08-15 02:08:56,259 - INFO - Query Status: 1
2024-08-15 02:08:57,303 - INFO - Query Status: 1
2024-08-15 02:08:58,357 - INFO - Query Status: 1
2024-08-15 02:08:59,417 - INFO - Query Status: 1
2024-08-15 02:09:00,461 - INFO - Query Status: 1
2024-08-15 02:09:01,510 - INFO - Query Status: 1
2024-08-15 02:09:02,564 - INFO - Query Status: 1
2024-08-15 02:09:03,645 - INFO - Query Status: 1
2024-08-15 02:09:04,698 - INFO - Query Status: 1
2024-08-15 02:09:05,745 - INFO - Query Status: 1
2024-08-15 02:09:06,790 - INFO - Query Status: 1
2024-08-15 02:09:07,838 - INFO - Query Status: 1
2024-08-15 02:09:08,900 - INFO - Query Status: 1
2024-08-15 02:09:09,950 - INFO - Query Status: 1
2024-08-15 02:09:11,005 - INFO - Query Status: 1
2024-08-15 02:09:12,068 - INFO - Query Status: 1
2024-08-15 02:09:13,118 - INFO - Query Status: 1
2024-08-15 02:09:14,163 - INFO - Query Status: 1
2024-08-15 02:09:15,223 - INFO - Query Status: 1
2024-08-15 02:09:16,275 - INFO - Query Status: 1
2024-08-15 02:09:17,381 - INFO - Query Status: 1
2024-08-15 02:09:18,435 - INFO - Query Status: 1
2024-08-15 02:09:19,480 - INFO - Query Status: 1
2024-08-15 02:09:20,530 - INFO - Query Status: 1
2024-08-15 02:09:21,574 - INFO - Query Status: 1
2024-08-15 02:09:22,619 - INFO - Query Status: 1
2024-08-15 02:09:23,689 - INFO - Query Status: 1
2024-08-15 02:09:24,734 - INFO - Query Status: 1
2024-08-15 02:09:25,804 - INFO - Query Status: 1
2024-08-15 02:09:26,848 - INFO - Query Status: 1
2024-08-15 02:09:27,895 - INFO - Query Status: 1
2024-08-15 02:09:28,944 - INFO - Query Status: 1
2024-08-15 02:09:29,995 - INFO - Query Status: 1
2024-08-15 02:09:31,044 - INFO - Query Status: 1
2024-08-15 02:09:32,088 - INFO - Query Status: 1
2024-08-15 02:09:33,139 - INFO - Query Status: 1
2024-08-15 02:09:34,183 - INFO - Query Status: 1
2024-08-15 02:09:35,242 - INFO - Query Status: 1
2024-08-15 02:09:36,289 - INFO - Query Status: 1
2024-08-15 02:09:37,333 - INFO - Query Status: 1
2024-08-15 02:09:38,378 - INFO - Query Status: 1
2024-08-15 02:09:39,426 - INFO - Query Status: 1
2024-08-15 02:09:40,514 - INFO - Query Status: 1
2024-08-15 02:09:41,560 - INFO - Query Status: 1
2024-08-15 02:09:42,615 - INFO - Query Status: 1
2024-08-15 02:09:43,665 - INFO - Query Status: 1
2024-08-15 02:09:44,714 - INFO - Query Status: 1
2024-08-15 02:09:45,759 - INFO - Query Status: 1
2024-08-15 02:09:46,809 - INFO - Query Status: 1
2024-08-15 02:09:47,855 - INFO - Query Status: 1
2024-08-15 02:09:48,917 - INFO - Query Status: 1
2024-08-15 02:09:49,971 - INFO - Query Status: 1
2024-08-15 02:09:51,022 - INFO - Query Status: 1
2024-08-15 02:09:52,065 - INFO - Query Status: 1
2024-08-15 02:09:53,112 - INFO - Query Status: 1
2024-08-15 02:09:54,173 - INFO - Query Status: 1
2024-08-15 02:09:55,222 - INFO - Query Status: 1
2024-08-15 02:09:56,271 - INFO - Query Status: 1
2024-08-15 02:09:57,321 - INFO - Query Status: 1
2024-08-15 02:09:58,406 - INFO - Query Status: 1
2024-08-15 02:09:59,453 - INFO - Query Status: 1
2024-08-15 02:10:00,507 - INFO - Query Status: 1
2024-08-15 02:10:01,561 - INFO - Query Status: 1
2024-08-15 02:10:02,609 - INFO - Query Status: 1
2024-08-15 02:10:03,653 - INFO - Query Status: 1
2024-08-15 02:10:04,709 - INFO - Query Status: 1
2024-08-15 02:10:05,759 - INFO - Query Status: 1
2024-08-15 02:10:06,800 - INFO - Query Status: 1
2024-08-15 02:10:07,855 - INFO - Query Status: 1
2024-08-15 02:10:08,903 - INFO - Query Status: 1
2024-08-15 02:10:09,957 - INFO - Query Status: 1
2024-08-15 02:10:11,001 - INFO - Query Status: 1
2024-08-15 02:10:12,047 - INFO - Query Status: 1
2024-08-15 02:10:13,094 - INFO - Query Status: 1
2024-08-15 02:10:14,149 - INFO - Query Status: 1
2024-08-15 02:10:15,191 - INFO - Query Status: 1
2024-08-15 02:10:16,233 - INFO - Query Status: 1
2024-08-15 02:10:17,278 - INFO - Query Status: 1
2024-08-15 02:10:18,322 - INFO - Query Status: 1
2024-08-15 02:10:19,369 - INFO - Query Status: 1
2024-08-15 02:10:20,425 - INFO - Query Status: 1
2024-08-15 02:10:21,505 - INFO - Query Status: 1
2024-08-15 02:10:22,589 - INFO - Query Status: 1
2024-08-15 02:10:23,629 - INFO - Query Status: 1
2024-08-15 02:10:24,690 - INFO - Query Status: 1
2024-08-15 02:10:25,740 - INFO - Query Status: 1
2024-08-15 02:10:26,784 - INFO - Query Status: 1
2024-08-15 02:10:27,837 - INFO - Query Status: 1
2024-08-15 02:10:28,883 - INFO - Query Status: 1
2024-08-15 02:10:29,924 - INFO - Query Status: 1
2024-08-15 02:10:30,970 - INFO - Query Status: 1
2024-08-15 02:10:32,034 - INFO - Query Status: 1
2024-08-15 02:10:33,079 - INFO - Query Status: 1
2024-08-15 02:10:34,131 - INFO - Query Status: 1
2024-08-15 02:10:35,284 - INFO - Query Status: 1
2024-08-15 02:10:36,338 - INFO - Query Status: 1
2024-08-15 02:10:37,381 - INFO - Query Status: 1
2024-08-15 02:10:38,422 - INFO - Query Status: 1
2024-08-15 02:10:39,469 - INFO - Query Status: 1
2024-08-15 02:10:40,519 - INFO - Query Status: 1
2024-08-15 02:10:41,566 - INFO - Query Status: 1
2024-08-15 02:10:42,607 - INFO - Query Status: 1
2024-08-15 02:10:43,652 - INFO - Query Status: 1
2024-08-15 02:10:44,701 - INFO - Query Status: 1
2024-08-15 02:10:45,738 - INFO - Query Status: 1
2024-08-15 02:10:46,786 - INFO - Query Status: 1
2024-08-15 02:10:47,826 - INFO - Query Status: 1
2024-08-15 02:10:48,871 - INFO - Query Status: 1
2024-08-15 02:10:49,916 - INFO - Query Status: 1
2024-08-15 02:10:50,958 - INFO - Query Status: 1
2024-08-15 02:10:51,997 - INFO - Query Status: 1
2024-08-15 02:10:53,115 - INFO - Query Status: 1
2024-08-15 02:10:54,170 - INFO - Query Status: 1
2024-08-15 02:10:55,218 - INFO - Query Status: 1
2024-08-15 02:10:56,262 - INFO - Query Status: 1
2024-08-15 02:10:57,312 - INFO - Query Status: 1
2024-08-15 02:10:58,358 - INFO - Query Status: 1
2024-08-15 02:10:59,422 - INFO - Query Status: 1
2024-08-15 02:11:00,464 - INFO - Query Status: 1
2024-08-15 02:11:01,507 - INFO - Query Status: 1
2024-08-15 02:11:02,551 - INFO - Query Status: 1
2024-08-15 02:11:03,594 - INFO - Query Status: 1
2024-08-15 02:11:04,639 - INFO - Query Status: 1
2024-08-15 02:11:05,713 - INFO - Query Status: 1
2024-08-15 02:11:06,760 - INFO - Query Status: 1
2024-08-15 02:11:07,815 - INFO - Query Status: 1
2024-08-15 02:11:08,858 - INFO - Query Status: 1
2024-08-15 02:11:09,901 - INFO - Query Status: 1
2024-08-15 02:11:10,947 - INFO - Query Status: 1
2024-08-15 02:11:11,994 - INFO - Query Status: 1
2024-08-15 02:11:13,035 - INFO - Query Status: 1
2024-08-15 02:11:14,076 - INFO - Query Status: 1
2024-08-15 02:11:15,120 - INFO - Query Status: 1
2024-08-15 02:11:16,213 - INFO - Query Status: 1
2024-08-15 02:11:17,299 - INFO - Query Status: 1
2024-08-15 02:11:18,345 - INFO - Query Status: 1
2024-08-15 02:11:19,396 - INFO - Query Status: 1
2024-08-15 02:11:20,451 - INFO - Query Status: 1
2024-08-15 02:11:21,494 - INFO - Query Status: 1
2024-08-15 02:11:22,538 - INFO - Query Status: 1
2024-08-15 02:11:23,577 - INFO - Query Status: 1
2024-08-15 02:11:24,642 - INFO - Query Status: 2
2024-08-15 02:24:32,960 - ERROR - Error saving data to database: connection to server at "runes.csxbyr0egtki.us-east-1.rds.amazonaws.com" (34.235.164.228), port 5432 failed: SSL SYSCALL error: Success
connection to server at "runes.csxbyr0egtki.us-east-1.rds.amazonaws.com" (34.235.164.228), port 5432 failed: FATAL:  no pg_hba.conf entry for host "99.37.183.149", user "postgres", database "sandbox", no encryption

